{"C:\\Users\\Deepak\\Desktop\\JS_program\\program.js": {"path":"C:\\Users\\Deepak\\Desktop\\JS_program\\program.js","statementMap":{"0":{"start":{"line":3,"column":12},"end":{"line":11,"column":5}},"1":{"start":{"line":13,"column":14},"end":{"line":13,"column":57}},"2":{"start":{"line":15,"column":4},"end":{"line":26,"column":5}},"3":{"start":{"line":16,"column":19},"end":{"line":16,"column":32}},"4":{"start":{"line":18,"column":22},"end":{"line":18,"column":40}},"5":{"start":{"line":20,"column":8},"end":{"line":25,"column":9}},"6":{"start":{"line":21,"column":12},"end":{"line":21,"column":35}},"7":{"start":{"line":24,"column":12},"end":{"line":24,"column":36}},"8":{"start":{"line":28,"column":4},"end":{"line":34,"column":5}},"9":{"start":{"line":28,"column":16},"end":{"line":28,"column":17}},"10":{"start":{"line":29,"column":8},"end":{"line":33,"column":9}},"11":{"start":{"line":30,"column":23},"end":{"line":30,"column":34}},"12":{"start":{"line":31,"column":29},"end":{"line":31,"column":40}},"13":{"start":{"line":32,"column":12},"end":{"line":32,"column":44}},"14":{"start":{"line":37,"column":4},"end":{"line":37,"column":13}},"15":{"start":{"line":40,"column":11},"end":{"line":49,"column":1}},"16":{"start":{"line":51,"column":12},"end":{"line":57,"column":1}},"17":{"start":{"line":62,"column":0},"end":{"line":62,"column":26}}},"fnMap":{"0":{"name":"solution","decl":{"start":{"line":1,"column":9},"end":{"line":1,"column":17}},"loc":{"start":{"line":1,"column":23},"end":{"line":38,"column":1}},"line":1}},"branchMap":{"0":{"loc":{"start":{"line":20,"column":8},"end":{"line":25,"column":9}},"type":"if","locations":[{"start":{"line":20,"column":8},"end":{"line":25,"column":9}},{"start":{"line":20,"column":8},"end":{"line":25,"column":9}}],"line":20},"1":{"loc":{"start":{"line":29,"column":8},"end":{"line":33,"column":9}},"type":"if","locations":[{"start":{"line":29,"column":8},"end":{"line":33,"column":9}},{"start":{"line":29,"column":8},"end":{"line":33,"column":9}}],"line":29}},"s":{"0":1,"1":1,"2":1,"3":8,"4":8,"5":8,"6":7,"7":1,"8":1,"9":1,"10":5,"11":0,"12":0,"13":0,"14":1,"15":1,"16":1,"17":1},"f":{"0":1},"b":{"0":[7,1],"1":[0,5]},"_coverageSchema":"1a1c01bbd47fc00a2c39e90264f33305004495a9","hash":"6ff5e919e953c9c5278b0f5cc4b2e1595a8f6c73"}
}
